<?xml version='1.0' encoding='UTF-8'?>
<testsuite hostname="Vasyls-MacBook-Pro.local" name="FunctionalSpec" tests="4" errors="0" failures="2" skipped="0" time="0.165" timestamp="2020-10-26T12:48:36">
                     <properties>
[...]
</properties>
                     <testcase classname="FunctionalSpec" name="Routes should send 404 on a bad request" time="0.142">
                                                 
                                               </testcase><testcase classname="FunctionalSpec" name="Routes should send 200 on a good request" time="0.014">
                                                 <failure message="java.lang.RuntimeException: java.lang.UnsupportedClassVersionError: controllers/routes has been compiled by a more recent version of the Java Runtime (class file version 59.0), this version of the Java Runtime only recognizes class file versions up to 58.0" type="sbt.ForkMain$ForkError">sbt.ForkMain$ForkError: java.lang.RuntimeException: java.lang.UnsupportedClassVersionError: controllers/routes has been compiled by a more recent version of the Java Runtime (class file version 59.0), this version of the Java Runtime only recognizes class file versions up to 58.0
	at play.api.mvc.ActionBuilder$$anon$9.apply(Action.scala:384)
	at play.api.mvc.Action.$anonfun$apply$4(Action.scala:82)
	at play.api.libs.streams.StrictAccumulator.$anonfun$mapFuture$4(Accumulator.scala:168)
	at scala.util.Try$.apply(Try.scala:210)
	at play.api.libs.streams.StrictAccumulator.$anonfun$mapFuture$3(Accumulator.scala:168)
	at akka.stream.impl.Transform.apply(TraversalBuilder.scala:159)
	at akka.stream.impl.PhasedFusingActorMaterializer.materialize(PhasedFusingActorMaterializer.scala:524)
	at akka.stream.impl.PhasedFusingActorMaterializer.materialize(PhasedFusingActorMaterializer.scala:450)
	at akka.stream.impl.PhasedFusingActorMaterializer.materialize(PhasedFusingActorMaterializer.scala:442)
	at akka.stream.scaladsl.RunnableGraph.run(Flow.scala:703)
	at akka.stream.scaladsl.Source.runWith(Source.scala:118)
	at play.api.libs.streams.StrictAccumulator.run(Accumulator.scala:198)
	at play.api.test.EssentialActionCaller.call(Helpers.scala:270)
	at play.api.test.EssentialActionCaller.call$(Helpers.scala:259)
	at play.api.test.Helpers$.call(Helpers.scala:672)
	at play.api.test.RouteInvokers.route(Helpers.scala:292)
	at play.api.test.RouteInvokers.route$(Helpers.scala:287)
	at play.api.test.Helpers$.route(Helpers.scala:672)
	at play.api.test.RouteInvokers.route(Helpers.scala:303)
	at play.api.test.RouteInvokers.route$(Helpers.scala:302)
	at play.api.test.Helpers$.route(Helpers.scala:672)
	at FunctionalSpec.$anonfun$new$4(FunctionalSpec.scala:20)
	at org.scalatest.OutcomeOf.outcomeOf(OutcomeOf.scala:85)
	at org.scalatest.OutcomeOf.outcomeOf$(OutcomeOf.scala:83)
	at org.scalatest.OutcomeOf$.outcomeOf(OutcomeOf.scala:104)
	at org.scalatest.Transformer.apply(Transformer.scala:22)
	at org.scalatest.Transformer.apply(Transformer.scala:20)
	at org.scalatest.WordSpecLike$$anon$3.apply(WordSpecLike.scala:1075)
	at org.scalatest.TestSuite.withFixture(TestSuite.scala:196)
	at org.scalatest.TestSuite.withFixture$(TestSuite.scala:195)
	at org.scalatest.WordSpec.withFixture(WordSpec.scala:1881)
	at org.scalatest.WordSpecLike.invokeWithFixture$1(WordSpecLike.scala:1073)
	at org.scalatest.WordSpecLike.$anonfun$runTest$1(WordSpecLike.scala:1085)
	at org.scalatest.SuperEngine.runTestImpl(Engine.scala:286)
	at org.scalatest.WordSpecLike.runTest(WordSpecLike.scala:1085)
	at org.scalatest.WordSpecLike.runTest$(WordSpecLike.scala:1067)
	at org.scalatest.WordSpec.runTest(WordSpec.scala:1881)
	at org.scalatest.WordSpecLike.$anonfun$runTests$1(WordSpecLike.scala:1144)
	at org.scalatest.SuperEngine.$anonfun$runTestsInBranch$1(Engine.scala:393)
	at scala.collection.immutable.List.foreach(List.scala:305)
	at org.scalatest.SuperEngine.traverseSubNodes$1(Engine.scala:381)
	at org.scalatest.SuperEngine.runTestsInBranch(Engine.scala:370)
	at org.scalatest.SuperEngine.$anonfun$runTestsInBranch$1(Engine.scala:407)
	at scala.collection.immutable.List.foreach(List.scala:305)
	at org.scalatest.SuperEngine.traverseSubNodes$1(Engine.scala:381)
	at org.scalatest.SuperEngine.runTestsInBranch(Engine.scala:376)
	at org.scalatest.SuperEngine.runTestsImpl(Engine.scala:458)
	at org.scalatest.WordSpecLike.runTests(WordSpecLike.scala:1144)
	at org.scalatest.WordSpecLike.runTests$(WordSpecLike.scala:1143)
	at org.scalatest.WordSpec.runTests(WordSpec.scala:1881)
	at org.scalatest.Suite.run(Suite.scala:1124)
	at org.scalatest.Suite.run$(Suite.scala:1106)
	at org.scalatest.WordSpec.org$scalatest$WordSpecLike$$super$run(WordSpec.scala:1881)
	at org.scalatest.WordSpecLike.$anonfun$run$1(WordSpecLike.scala:1189)
	at org.scalatest.SuperEngine.runImpl(Engine.scala:518)
	at org.scalatest.WordSpecLike.run(WordSpecLike.scala:1189)
	at org.scalatest.WordSpecLike.run$(WordSpecLike.scala:1187)
	at FunctionalSpec.org$scalatestplus$play$BaseOneAppPerSuite$$super$run(FunctionalSpec.scala:11)
	at org.scalatestplus.play.BaseOneAppPerSuite.run(BaseOneAppPerSuite.scala:50)
	at org.scalatestplus.play.BaseOneAppPerSuite.run$(BaseOneAppPerSuite.scala:45)
	at FunctionalSpec.run(FunctionalSpec.scala:11)
	at org.scalatest.tools.Framework.org$scalatest$tools$Framework$$runSuite(Framework.scala:317)
	at org.scalatest.tools.Framework$ScalaTestTask.execute(Framework.scala:510)
	at sbt.ForkMain$Run.lambda$runTest$1(ForkMain.java:304)
	at java.base/java.util.concurrent.FutureTask.run(FutureTask.java:264)
	at java.base/java.util.concurrent.ThreadPoolExecutor.runWorker(ThreadPoolExecutor.java:1130)
	at java.base/java.util.concurrent.ThreadPoolExecutor$Worker.run(ThreadPoolExecutor.java:630)
	at java.base/java.lang.Thread.run(Thread.java:832)
Caused by: sbt.ForkMain$ForkError: java.lang.UnsupportedClassVersionError: controllers/routes has been compiled by a more recent version of the Java Runtime (class file version 59.0), this version of the Java Runtime only recognizes class file versions up to 58.0
	at java.base/java.lang.ClassLoader.defineClass1(Native Method)
	at java.base/java.lang.ClassLoader.defineClass(ClassLoader.java:1017)
	at java.base/java.security.SecureClassLoader.defineClass(SecureClassLoader.java:151)
	at java.base/jdk.internal.loader.BuiltinClassLoader.defineClass(BuiltinClassLoader.java:821)
	at java.base/jdk.internal.loader.BuiltinClassLoader.findClassOnClassPathOrNull(BuiltinClassLoader.java:719)
	at java.base/jdk.internal.loader.BuiltinClassLoader.loadClassOrNull(BuiltinClassLoader.java:642)
	at java.base/jdk.internal.loader.BuiltinClassLoader.loadClass(BuiltinClassLoader.java:600)
	at java.base/jdk.internal.loader.ClassLoaders$AppClassLoader.loadClass(ClassLoaders.java:178)
	at java.base/java.lang.ClassLoader.loadClass(ClassLoader.java:522)
	at views.html.welcome$.$anonfun$apply$1(welcome.template.scala:100)
	at play.twirl.api.TwirlFeatureImports$.defining(TwirlFeatureImports.scala:27)
	at views.html.welcome$.apply(welcome.template.scala:28)
	at views.html.index$.apply(index.template.scala:34)
	at controllers.HomeController.$anonfun$index$1(HomeController.scala:22)
	at play.api.mvc.ActionBuilder.$anonfun$apply$13(Action.scala:321)
	at scala.Function1.$anonfun$andThen$1(Function1.scala:85)
	at play.api.mvc.ActionBuilderImpl.invokeBlock(Action.scala:441)
	at play.api.mvc.ActionBuilderImpl.invokeBlock(Action.scala:439)
	at play.api.mvc.ActionBuilder$$anon$8.invokeBlock(Action.scala:289)
	at play.api.mvc.ActionBuilder$$anon$8.invokeBlock(Action.scala:284)
	at play.api.mvc.ActionBuilder$$anon$9.apply(Action.scala:379)
	... 67 more
</failure>
                                               </testcase><testcase classname="FunctionalSpec" name="HomeController should render the index page" time="0.002">
                                                 <failure message="java.lang.RuntimeException: java.lang.UnsupportedClassVersionError: controllers/routes has been compiled by a more recent version of the Java Runtime (class file version 59.0), this version of the Java Runtime only recognizes class file versions up to 58.0" type="sbt.ForkMain$ForkError">sbt.ForkMain$ForkError: java.lang.RuntimeException: java.lang.UnsupportedClassVersionError: controllers/routes has been compiled by a more recent version of the Java Runtime (class file version 59.0), this version of the Java Runtime only recognizes class file versions up to 58.0
	at play.api.mvc.ActionBuilder$$anon$9.apply(Action.scala:384)
	at play.api.mvc.Action.$anonfun$apply$4(Action.scala:82)
	at play.api.libs.streams.StrictAccumulator.$anonfun$mapFuture$4(Accumulator.scala:168)
	at scala.util.Try$.apply(Try.scala:210)
	at play.api.libs.streams.StrictAccumulator.$anonfun$mapFuture$3(Accumulator.scala:168)
	at akka.stream.impl.Transform.apply(TraversalBuilder.scala:159)
	at akka.stream.impl.PhasedFusingActorMaterializer.materialize(PhasedFusingActorMaterializer.scala:524)
	at akka.stream.impl.PhasedFusingActorMaterializer.materialize(PhasedFusingActorMaterializer.scala:450)
	at akka.stream.impl.PhasedFusingActorMaterializer.materialize(PhasedFusingActorMaterializer.scala:442)
	at akka.stream.scaladsl.RunnableGraph.run(Flow.scala:703)
	at akka.stream.scaladsl.Source.runWith(Source.scala:118)
	at play.api.libs.streams.StrictAccumulator.run(Accumulator.scala:198)
	at play.api.test.EssentialActionCaller.call(Helpers.scala:270)
	at play.api.test.EssentialActionCaller.call$(Helpers.scala:259)
	at play.api.test.Helpers$.call(Helpers.scala:672)
	at play.api.test.RouteInvokers.route(Helpers.scala:292)
	at play.api.test.RouteInvokers.route$(Helpers.scala:287)
	at play.api.test.Helpers$.route(Helpers.scala:672)
	at play.api.test.RouteInvokers.route(Helpers.scala:303)
	at play.api.test.RouteInvokers.route$(Helpers.scala:302)
	at play.api.test.Helpers$.route(Helpers.scala:672)
	at FunctionalSpec.$anonfun$new$7(FunctionalSpec.scala:28)
	at org.scalatest.OutcomeOf.outcomeOf(OutcomeOf.scala:85)
	at org.scalatest.OutcomeOf.outcomeOf$(OutcomeOf.scala:83)
	at org.scalatest.OutcomeOf$.outcomeOf(OutcomeOf.scala:104)
	at org.scalatest.Transformer.apply(Transformer.scala:22)
	at org.scalatest.Transformer.apply(Transformer.scala:20)
	at org.scalatest.WordSpecLike$$anon$3.apply(WordSpecLike.scala:1075)
	at org.scalatest.TestSuite.withFixture(TestSuite.scala:196)
	at org.scalatest.TestSuite.withFixture$(TestSuite.scala:195)
	at org.scalatest.WordSpec.withFixture(WordSpec.scala:1881)
	at org.scalatest.WordSpecLike.invokeWithFixture$1(WordSpecLike.scala:1073)
	at org.scalatest.WordSpecLike.$anonfun$runTest$1(WordSpecLike.scala:1085)
	at org.scalatest.SuperEngine.runTestImpl(Engine.scala:286)
	at org.scalatest.WordSpecLike.runTest(WordSpecLike.scala:1085)
	at org.scalatest.WordSpecLike.runTest$(WordSpecLike.scala:1067)
	at org.scalatest.WordSpec.runTest(WordSpec.scala:1881)
	at org.scalatest.WordSpecLike.$anonfun$runTests$1(WordSpecLike.scala:1144)
	at org.scalatest.SuperEngine.$anonfun$runTestsInBranch$1(Engine.scala:393)
	at scala.collection.immutable.List.foreach(List.scala:305)
	at org.scalatest.SuperEngine.traverseSubNodes$1(Engine.scala:381)
	at org.scalatest.SuperEngine.runTestsInBranch(Engine.scala:370)
	at org.scalatest.SuperEngine.$anonfun$runTestsInBranch$1(Engine.scala:407)
	at scala.collection.immutable.List.foreach(List.scala:305)
	at org.scalatest.SuperEngine.traverseSubNodes$1(Engine.scala:381)
	at org.scalatest.SuperEngine.runTestsInBranch(Engine.scala:376)
	at org.scalatest.SuperEngine.runTestsImpl(Engine.scala:458)
	at org.scalatest.WordSpecLike.runTests(WordSpecLike.scala:1144)
	at org.scalatest.WordSpecLike.runTests$(WordSpecLike.scala:1143)
	at org.scalatest.WordSpec.runTests(WordSpec.scala:1881)
	at org.scalatest.Suite.run(Suite.scala:1124)
	at org.scalatest.Suite.run$(Suite.scala:1106)
	at org.scalatest.WordSpec.org$scalatest$WordSpecLike$$super$run(WordSpec.scala:1881)
	at org.scalatest.WordSpecLike.$anonfun$run$1(WordSpecLike.scala:1189)
	at org.scalatest.SuperEngine.runImpl(Engine.scala:518)
	at org.scalatest.WordSpecLike.run(WordSpecLike.scala:1189)
	at org.scalatest.WordSpecLike.run$(WordSpecLike.scala:1187)
	at FunctionalSpec.org$scalatestplus$play$BaseOneAppPerSuite$$super$run(FunctionalSpec.scala:11)
	at org.scalatestplus.play.BaseOneAppPerSuite.run(BaseOneAppPerSuite.scala:50)
	at org.scalatestplus.play.BaseOneAppPerSuite.run$(BaseOneAppPerSuite.scala:45)
	at FunctionalSpec.run(FunctionalSpec.scala:11)
	at org.scalatest.tools.Framework.org$scalatest$tools$Framework$$runSuite(Framework.scala:317)
	at org.scalatest.tools.Framework$ScalaTestTask.execute(Framework.scala:510)
	at sbt.ForkMain$Run.lambda$runTest$1(ForkMain.java:304)
	at java.base/java.util.concurrent.FutureTask.run(FutureTask.java:264)
	at java.base/java.util.concurrent.ThreadPoolExecutor.runWorker(ThreadPoolExecutor.java:1130)
	at java.base/java.util.concurrent.ThreadPoolExecutor$Worker.run(ThreadPoolExecutor.java:630)
	at java.base/java.lang.Thread.run(Thread.java:832)
Caused by: sbt.ForkMain$ForkError: java.lang.UnsupportedClassVersionError: controllers/routes has been compiled by a more recent version of the Java Runtime (class file version 59.0), this version of the Java Runtime only recognizes class file versions up to 58.0
	at views.html.welcome$.$anonfun$apply$1(welcome.template.scala:100)
	at play.twirl.api.TwirlFeatureImports$.defining(TwirlFeatureImports.scala:27)
	at views.html.welcome$.apply(welcome.template.scala:28)
	at views.html.index$.apply(index.template.scala:34)
	at controllers.HomeController.$anonfun$index$1(HomeController.scala:22)
	at play.api.mvc.ActionBuilder.$anonfun$apply$13(Action.scala:321)
	at scala.Function1.$anonfun$andThen$1(Function1.scala:85)
	at play.api.mvc.ActionBuilderImpl.invokeBlock(Action.scala:441)
	at play.api.mvc.ActionBuilderImpl.invokeBlock(Action.scala:439)
	at play.api.mvc.ActionBuilder$$anon$8.invokeBlock(Action.scala:289)
	at play.api.mvc.ActionBuilder$$anon$8.invokeBlock(Action.scala:284)
	at play.api.mvc.ActionBuilder$$anon$9.apply(Action.scala:379)
	... 67 more
</failure>
                                               </testcase><testcase classname="FunctionalSpec" name="CountController should return an increasing count" time="0.007">
                                                 
                                               </testcase>
                     <system-out><![CDATA[]]></system-out>
                     <system-err><![CDATA[]]></system-err>
                   </testsuite>